\BOOKMARK [1][-]{section.1}{Introduction}{}% 1
\BOOKMARK [1][-]{section.2}{Execution Plan}{}% 2
\BOOKMARK [1][-]{section.3}{BACKGROUND}{}% 3
\BOOKMARK [2][-]{subsection.3.1}{OCR Technology}{section.3}% 4
\BOOKMARK [1][-]{section.4}{SYSTEM CONFIGURATION AND TECHNOLOGIES USED}{}% 5
\BOOKMARK [2][-]{subsection.4.1}{System Configuration}{section.4}% 6
\BOOKMARK [2][-]{subsection.4.2}{Technologies Used}{section.4}% 7
\BOOKMARK [1][-]{section.5}{ALGORITHMS USED}{}% 8
\BOOKMARK [2][-]{subsection.5.1}{K Nearest Neighbour}{section.5}% 9
\BOOKMARK [2][-]{subsection.5.2}{Feed Forward Neural Networks}{section.5}% 10
\BOOKMARK [1][-]{section.6}{OCR Implementation}{}% 11
\BOOKMARK [1][-]{section.7}{Pre processing the data}{}% 12
\BOOKMARK [2][-]{subsection.7.1}{ Noise Reduction Techniques}{section.7}% 13
\BOOKMARK [2][-]{subsection.7.2}{Histogram Based Method}{section.7}% 14
\BOOKMARK [2][-]{subsection.7.3}{Median Filter}{section.7}% 15
\BOOKMARK [2][-]{subsection.7.4}{Gaussian Blur}{section.7}% 16
\BOOKMARK [2][-]{subsection.7.5}{ Binarization}{section.7}% 17
\BOOKMARK [2][-]{subsection.7.6}{ Segmentation}{section.7}% 18
\BOOKMARK [1][-]{section.8}{Application}{}% 19
\BOOKMARK [1][-]{section.9}{Dataset}{}% 20
\BOOKMARK [1][-]{section.10}{Benchmarking}{}% 21
\BOOKMARK [1][-]{section.11}{Reproducibility}{}% 22
\BOOKMARK [1][-]{section.12}{ACKNOWLEDGEMENT}{}% 23
